<?xml version="1.0" encoding="UTF-8"?>
<!-- Generated by org.testng.reporters.JUnitXMLReporter -->
<testsuite hostname="DESKTOP-FP075KF" failures="0" tests="5" name="Test One" time="9.603" errors="0" timestamp="13 Apr 2021 12:39:23 GMT">
  <testcase classname="myDemoProject.NewTest" name="test_QueryInputAndSearchButtonOnMainScreen" time="0.139"/>
  <testcase classname="myDemoProject.NewTest" name="test_SearchWithEmptyQuery" time="0.157"/>
  <testcase classname="myDemoProject.NewTest" name="test_SearchForIsland" time="0.655"/>
  <testcase classname="myDemoProject.NewTest" name="test_SearchForCastle" time="0.228"/>
  <testcase classname="myDemoProject.NewTest" name="test_SearchForPort" time="0.583"/>
</testsuite> <!-- Test One -->
